c:\users\suntao\desktop\dcrc\tst\tst\debug\vc140.pdb
c:\users\suntao\desktop\dcrc\tst\debug\vc140.pdb
c:\users\suntao\desktop\dcrc\tst\debug\vc140.idb
c:\users\suntao\desktop\dcrc\tst\debug\database.obj
c:\users\suntao\desktop\dcrc\tst\debug\dcrc.obj
c:\users\suntao\desktop\dcrc\tst\debug\dcrc_tree.obj
c:\users\suntao\desktop\dcrc\tst\debug\dqueue.obj
c:\users\suntao\desktop\dcrc\tst\debug\dtreenode.obj
c:\users\suntao\desktop\dcrc\tst\debug\dtw.obj
c:\users\suntao\desktop\dcrc\tst\debug\keogh.obj
c:\users\suntao\desktop\dcrc\tst\debug\main.obj
c:\users\suntao\desktop\dcrc\tst\debug\rtree.obj
c:\users\suntao\desktop\dcrc\tst\debug\rtreenode.obj
c:\users\suntao\desktop\dcrc\tst\debug\timeseries.obj
c:\users\suntao\desktop\dcrc\tst\debug\dcrc.ilk
c:\users\suntao\desktop\dcrc\tst\debug\dcrc.exe
c:\users\suntao\desktop\dcrc\tst\debug\dcrc.pdb
c:\users\suntao\desktop\dcrc\debug\dcrc.ilk
c:\users\suntao\desktop\dcrc\debug\dcrc.exe
c:\users\suntao\desktop\dcrc\debug\dcrc.pdb
c:\users\suntao\desktop\dcrc\tst\debug\dcrc.tlog\cl.command.1.tlog
c:\users\suntao\desktop\dcrc\tst\debug\dcrc.tlog\cl.read.1.tlog
c:\users\suntao\desktop\dcrc\tst\debug\dcrc.tlog\cl.write.1.tlog
c:\users\suntao\desktop\dcrc\tst\debug\dcrc.tlog\link.command.1.tlog
c:\users\suntao\desktop\dcrc\tst\debug\dcrc.tlog\link.read.1.tlog
c:\users\suntao\desktop\dcrc\tst\debug\dcrc.tlog\link.write.1.tlog
