C:\Program Files (x86)\MSBuild\Microsoft.Cpp\v4.0\V140\Microsoft.CppBuild.targets(392,5): warning MSB8028: The intermediate directory (Debug\) contains files shared from another project (tst.vcxproj).  This can lead to incorrect clean and rebuild behavior.
  main.cpp
  RTreeNode.cpp
  Database.cpp
c:\users\suntao\desktop\dcrc\tst\database.cpp(95): warning C4996: 'fopen': This function or variable may be unsafe. Consider using fopen_s instead. To disable deprecation, use _CRT_SECURE_NO_WARNINGS. See online help for details.
  c:\program files (x86)\windows kits\10\include\10.0.10240.0\ucrt\stdio.h(205): note: 参见“fopen”的声明
c:\users\suntao\desktop\dcrc\tst\database.cpp(128): warning C4996: 'fopen': This function or variable may be unsafe. Consider using fopen_s instead. To disable deprecation, use _CRT_SECURE_NO_WARNINGS. See online help for details.
  c:\program files (x86)\windows kits\10\include\10.0.10240.0\ucrt\stdio.h(205): note: 参见“fopen”的声明
  DTreeNode.cpp
c:\users\suntao\desktop\dcrc\tst\dtreenode.cpp(43): warning C4477: “sprintf_s”: 格式字符串“%d”需要类型“int”的参数，但可变参数 3 拥有了类型“FILE *”
c:\users\suntao\desktop\dcrc\tst\dtreenode.cpp(46): warning C4996: 'fopen': This function or variable may be unsafe. Consider using fopen_s instead. To disable deprecation, use _CRT_SECURE_NO_WARNINGS. See online help for details.
  c:\program files (x86)\windows kits\10\include\10.0.10240.0\ucrt\stdio.h(205): note: 参见“fopen”的声明
  DCRC_Tree.cpp
  正在生成代码...
  正在编译...
  RTree.cpp
  KEOGH.cpp
  DTW.cpp
  DQueue.cpp
  DCRC.cpp
  正在生成代码...
  正在跳过...(未检测到相关更改)
  TimeSeries.cpp
  tst.vcxproj -> C:\Users\suntao\Desktop\DCRC\Debug\dcrc.exe
  tst.vcxproj -> C:\Users\suntao\Desktop\DCRC\Debug\dcrc.pdb (Full PDB)
