c:\users\suntao\desktop\dcrc\tst\release\vc140.pdb
c:\users\suntao\desktop\dcrc\tst\release\timeseries.obj
c:\users\suntao\desktop\dcrc\tst\release\rtreenode.obj
c:\users\suntao\desktop\dcrc\tst\release\rtree.obj
c:\users\suntao\desktop\dcrc\tst\release\main.obj
c:\users\suntao\desktop\dcrc\tst\release\keogh.obj
c:\users\suntao\desktop\dcrc\tst\release\dtw.obj
c:\users\suntao\desktop\dcrc\tst\release\dtreenode.obj
c:\users\suntao\desktop\dcrc\tst\release\dqueue.obj
c:\users\suntao\desktop\dcrc\tst\release\dcrc_tree.obj
c:\users\suntao\desktop\dcrc\tst\release\dcrc.obj
c:\users\suntao\desktop\dcrc\tst\release\database.obj
c:\users\suntao\desktop\dcrc\release\dcrc.exe
c:\users\suntao\desktop\dcrc\release\dcrc.pdb
c:\users\suntao\desktop\dcrc\tst\release\dcrc.tlog\cl.command.1.tlog
c:\users\suntao\desktop\dcrc\tst\release\dcrc.tlog\cl.read.1.tlog
c:\users\suntao\desktop\dcrc\tst\release\dcrc.tlog\cl.write.1.tlog
c:\users\suntao\desktop\dcrc\tst\release\dcrc.tlog\link.command.1.tlog
c:\users\suntao\desktop\dcrc\tst\release\dcrc.tlog\link.read.1.tlog
c:\users\suntao\desktop\dcrc\tst\release\dcrc.tlog\link.write.1.tlog
