  DCRC.cpp
  DCRC_Tree.cpp
DCRC_Tree.cpp(92): warning C4244: “初始化”: 从“double”转换到“float”，可能丢失数据
  DQueue.cpp
  DTW.cpp
  DTreeNode.cpp
DTreeNode.cpp(41): warning C4996: 'fopen': This function or variable may be unsafe. Consider using fopen_s instead. To disable deprecation, use _CRT_SECURE_NO_WARNINGS. See online help for details.
  C:\Program Files (x86)\Windows Kits\10\Include\10.0.10240.0\ucrt\stdio.h(205): note: 参见“fopen”的声明
  KEOGH.cpp
  RTree.cpp
  RTreeNode.cpp
  main.cpp
main.cpp(37): warning C4005: “TEST_COUNT”: 宏重定义
  c:\users\suntao\desktop\dcrc_v1.1\tst\Database.h(5): note: 参见“TEST_COUNT”的前一个定义
main.cpp(683): warning C4996: 'fopen': This function or variable may be unsafe. Consider using fopen_s instead. To disable deprecation, use _CRT_SECURE_NO_WARNINGS. See online help for details.
  C:\Program Files (x86)\Windows Kits\10\Include\10.0.10240.0\ucrt\stdio.h(205): note: 参见“fopen”的声明
main.cpp(703): warning C4101: “n3”: 未引用的局部变量
main.cpp(762): warning C4244: “参数”: 从“time_t”转换到“unsigned int”，可能丢失数据
  正在生成代码
  1 of 139 functions ( 0.7%) were compiled, the rest were copied from previous compilation.
    0 functions were new in current compilation
    2 functions had inline decision re-evaluated but remain unchanged
  已完成代码的生成
  tst.vcxproj -> C:\Users\suntao\Desktop\DCRC_v1.1\Release\dcrc.exe
  tst.vcxproj -> C:\Users\suntao\Desktop\DCRC_v1.1\Release\dcrc.pdb (Full PDB)
